c:\usr\koei\tenshouki95\dllwrap\bgmmm\release\bgmmm.lib
c:\usr\koei\tenshouki95\dllwrap\bgmmm\release\bgmmm.exp
d:\usr\koei\tenshouki95\dllwrap\bgmmm\release\bgmmm.lib
d:\usr\koei\tenshouki95\dllwrap\bgmmm\release\bgmmm.exp
c:\usr\koei\tenshouki95\dllwrap\bgmmm\bgmmm\release\vc120.pdb
c:\usr\koei\tenshouki95\dllwrap\bgmmm\bgmmm\release\lauxlib.obj
c:\usr\koei\tenshouki95\dllwrap\bgmmm\bgmmm\release\lstructlib.obj
c:\usr\koei\tenshouki95\dllwrap\bgmmm\bgmmm\release\lutf8lib.obj
c:\usr\koei\tenshouki95\dllwrap\bgmmm\bgmmm\release\lbaselib.obj
c:\usr\koei\tenshouki95\dllwrap\bgmmm\bgmmm\release\lstring.obj
c:\usr\koei\tenshouki95\dllwrap\bgmmm\bgmmm\release\ltm.obj
c:\usr\koei\tenshouki95\dllwrap\bgmmm\bgmmm\release\nmh.obj
c:\usr\koei\tenshouki95\dllwrap\bgmmm\bgmmm\release\outputdebugstring.obj
c:\usr\koei\tenshouki95\dllwrap\bgmmm\bgmmm\release\lapi.obj
c:\usr\koei\tenshouki95\dllwrap\bgmmm\bgmmm\release\ldump.obj
c:\usr\koei\tenshouki95\dllwrap\bgmmm\bgmmm\release\linit.obj
c:\usr\koei\tenshouki95\dllwrap\bgmmm\bgmmm\release\llex.obj
c:\usr\koei\tenshouki95\dllwrap\bgmmm\bgmmm\release\lparser.obj
c:\usr\koei\tenshouki95\dllwrap\bgmmm\bgmmm\release\lundump.obj
c:\usr\koei\tenshouki95\dllwrap\bgmmm\bgmmm\release\lcode.obj
c:\usr\koei\tenshouki95\dllwrap\bgmmm\bgmmm\release\lgc.obj
c:\usr\koei\tenshouki95\dllwrap\bgmmm\bgmmm\release\loadlib.obj
c:\usr\koei\tenshouki95\dllwrap\bgmmm\bgmmm\release\ldo.obj
c:\usr\koei\tenshouki95\dllwrap\bgmmm\bgmmm\release\lmathlib.obj
c:\usr\koei\tenshouki95\dllwrap\bgmmm\bgmmm\release\lopcodes.obj
c:\usr\koei\tenshouki95\dllwrap\bgmmm\bgmmm\release\lstate.obj
c:\usr\koei\tenshouki95\dllwrap\bgmmm\bgmmm\release\ltablib.obj
c:\usr\koei\tenshouki95\dllwrap\bgmmm\bgmmm\release\lzio.obj
c:\usr\koei\tenshouki95\dllwrap\bgmmm\bgmmm\release\lbitlib.obj
c:\usr\koei\tenshouki95\dllwrap\bgmmm\bgmmm\release\lfunc.obj
c:\usr\koei\tenshouki95\dllwrap\bgmmm\bgmmm\release\lmem.obj
c:\usr\koei\tenshouki95\dllwrap\bgmmm\bgmmm\release\loslib.obj
c:\usr\koei\tenshouki95\dllwrap\bgmmm\bgmmm\release\ltable.obj
c:\usr\koei\tenshouki95\dllwrap\bgmmm\bgmmm\release\lvm.obj
c:\usr\koei\tenshouki95\dllwrap\bgmmm\bgmmm\release\cls.obj
c:\usr\koei\tenshouki95\dllwrap\bgmmm\bgmmm\release\ldblib.obj
c:\usr\koei\tenshouki95\dllwrap\bgmmm\bgmmm\release\lfs.obj
c:\usr\koei\tenshouki95\dllwrap\bgmmm\bgmmm\release\ldebug.obj
c:\usr\koei\tenshouki95\dllwrap\bgmmm\bgmmm\release\liolib.obj
c:\usr\koei\tenshouki95\dllwrap\bgmmm\bgmmm\release\lobject.obj
c:\usr\koei\tenshouki95\dllwrap\bgmmm\bgmmm\release\lstrlib.obj
d:\usr\koei\tenshouki95\dllwrap\bgmmm\bgmmm\release\bgmnoncd.obj
d:\usr\koei\tenshouki95\dllwrap\bgmmm\bgmmm\release\bgmmm.obj
d:\usr\koei\tenshouki95\dllwrap\bgmmm\bgmmm\release\lua_getluastate.obj
d:\usr\koei\tenshouki95\dllwrap\bgmmm\bgmmm\release\lua_interface.obj
d:\usr\koei\tenshouki95\dllwrap\bgmmm\bgmmm\release\bgmmm_dummy.obj
d:\usr\koei\tenshouki95\dllwrap\bgmmm\bgmmm\release\tsmodcommand.obj
d:\usr\koei\tenshouki95\dllwrap\bgmmm\bgmmm\release\tsmodpatchprocessmemory.obj
d:\usr\koei\tenshouki95\dllwrap\bgmmm\bgmmm\release\bgmloopbug.obj
d:\usr\koei\tenshouki95\dllwrap\bgmmm\bgmmm\release\winversion.obj
d:\usr\koei\tenshouki95\dllwrap\bgmmm\bgmmm\release\vc120.pdb
d:\usr\koei\tenshouki95\dllwrap\bgmmm\bgmmm\release\lapi.obj
d:\usr\koei\tenshouki95\dllwrap\bgmmm\bgmmm\release\linit.obj
d:\usr\koei\tenshouki95\dllwrap\bgmmm\bgmmm\release\lmathlib.obj
d:\usr\koei\tenshouki95\dllwrap\bgmmm\bgmmm\release\lopcodes.obj
d:\usr\koei\tenshouki95\dllwrap\bgmmm\bgmmm\release\lstate.obj
d:\usr\koei\tenshouki95\dllwrap\bgmmm\bgmmm\release\ltablib.obj
d:\usr\koei\tenshouki95\dllwrap\bgmmm\bgmmm\release\lvm.obj
d:\usr\koei\tenshouki95\dllwrap\bgmmm\bgmmm\release\lbitlib.obj
d:\usr\koei\tenshouki95\dllwrap\bgmmm\bgmmm\release\ldump.obj
d:\usr\koei\tenshouki95\dllwrap\bgmmm\bgmmm\release\liolib.obj
d:\usr\koei\tenshouki95\dllwrap\bgmmm\bgmmm\release\lobject.obj
d:\usr\koei\tenshouki95\dllwrap\bgmmm\bgmmm\release\lstring.obj
d:\usr\koei\tenshouki95\dllwrap\bgmmm\bgmmm\release\ltm.obj
d:\usr\koei\tenshouki95\dllwrap\bgmmm\bgmmm\release\outputdebugstring.obj
d:\usr\koei\tenshouki95\dllwrap\bgmmm\bgmmm\release\cls.obj
d:\usr\koei\tenshouki95\dllwrap\bgmmm\bgmmm\release\ldo.obj
d:\usr\koei\tenshouki95\dllwrap\bgmmm\bgmmm\release\llex.obj
d:\usr\koei\tenshouki95\dllwrap\bgmmm\bgmmm\release\lparser.obj
d:\usr\koei\tenshouki95\dllwrap\bgmmm\bgmmm\release\lutf8lib.obj
d:\usr\koei\tenshouki95\dllwrap\bgmmm\bgmmm\release\lauxlib.obj
d:\usr\koei\tenshouki95\dllwrap\bgmmm\bgmmm\release\lstructlib.obj
d:\usr\koei\tenshouki95\dllwrap\bgmmm\bgmmm\release\lundump.obj
d:\usr\koei\tenshouki95\dllwrap\bgmmm\bgmmm\release\ldblib.obj
d:\usr\koei\tenshouki95\dllwrap\bgmmm\bgmmm\release\lfs.obj
d:\usr\koei\tenshouki95\dllwrap\bgmmm\bgmmm\release\nmh.obj
d:\usr\koei\tenshouki95\dllwrap\bgmmm\bgmmm\release\lbaselib.obj
d:\usr\koei\tenshouki95\dllwrap\bgmmm\bgmmm\release\ltable.obj
d:\usr\koei\tenshouki95\dllwrap\bgmmm\bgmmm\release\lzio.obj
d:\usr\koei\tenshouki95\dllwrap\bgmmm\bgmmm\release\lcode.obj
d:\usr\koei\tenshouki95\dllwrap\bgmmm\bgmmm\release\lgc.obj
d:\usr\koei\tenshouki95\dllwrap\bgmmm\bgmmm\release\loadlib.obj
d:\usr\koei\tenshouki95\dllwrap\bgmmm\bgmmm\release\ldebug.obj
d:\usr\koei\tenshouki95\dllwrap\bgmmm\bgmmm\release\lfunc.obj
d:\usr\koei\tenshouki95\dllwrap\bgmmm\bgmmm\release\lmem.obj
d:\usr\koei\tenshouki95\dllwrap\bgmmm\bgmmm\release\loslib.obj
d:\usr\koei\tenshouki95\dllwrap\bgmmm\bgmmm\release\lstrlib.obj
c:\usr\koei\tenshouki95\dllwrap\bgmmm\release\bgmmm.dll
d:\usr\koei\tenshouki95\dllwrap\bgmmm\release\bgmmm.dll
c:\usr\koei\tenshouki95\dllwrap\bgmmm\bgmmm\release\bgmmm.res
d:\usr\koei\tenshouki95\dllwrap\bgmmm\bgmmm\release\bgmmm.res
d:\usr\koei\tenshouki95\dllwrap\bgmmm\bgmmm\release\bgmmm.tlog\bgmmm.write.1u.tlog
d:\usr\koei\tenshouki95\dllwrap\bgmmm\bgmmm\release\bgmmm.tlog\cl.command.1.tlog
d:\usr\koei\tenshouki95\dllwrap\bgmmm\bgmmm\release\bgmmm.tlog\cl.read.1.tlog
d:\usr\koei\tenshouki95\dllwrap\bgmmm\bgmmm\release\bgmmm.tlog\cl.write.1.tlog
d:\usr\koei\tenshouki95\dllwrap\bgmmm\bgmmm\release\bgmmm.tlog\link.command.1.tlog
d:\usr\koei\tenshouki95\dllwrap\bgmmm\bgmmm\release\bgmmm.tlog\link.read.1.tlog
d:\usr\koei\tenshouki95\dllwrap\bgmmm\bgmmm\release\bgmmm.tlog\link.write.1.tlog
d:\usr\koei\tenshouki95\dllwrap\bgmmm\bgmmm\release\bgmmm.tlog\rc.command.1.tlog
d:\usr\koei\tenshouki95\dllwrap\bgmmm\bgmmm\release\bgmmm.tlog\rc.read.1.tlog
d:\usr\koei\tenshouki95\dllwrap\bgmmm\bgmmm\release\bgmmm.tlog\rc.write.1.tlog
